<?xml version="1.0" encoding="UTF-8"?>
<!-- Generated by org.testng.reporters.JUnitReportReporter -->
<testsuite hostname="DESKTOP-T73090F" name="com.ecommerce.qa.testcases.MyAccountPageTest" tests="2" failures="0" timestamp="3 Oct 2023 11:57:52 GMT" time="8.092" errors="0">
  <testcase name="verifyMyAccountPageTitle" time="4.179" classname="com.ecommerce.qa.testcases.MyAccountPageTest"/>
  <testcase name="verifyDeskTopLinkTest" time="3.913" classname="com.ecommerce.qa.testcases.MyAccountPageTest"/>
</testsuite> <!-- com.ecommerce.qa.testcases.MyAccountPageTest -->
