<?xml version="1.0" encoding="UTF-8"?>
<!-- Generated by org.testng.reporters.JUnitReportReporter -->
<testsuite hostname="DESKTOP-T73090F" name="com.ecommerce.qa.testcases.LoginPageTest" tests="3" failures="0" timestamp="3 Oct 2023 11:57:52 GMT" time="14.475" errors="0">
  <testcase name="loginPageTitleTest" time="3.243" classname="com.ecommerce.qa.testcases.LoginPageTest"/>
  <testcase name="AppLogoImageTest" time="3.343" classname="com.ecommerce.qa.testcases.LoginPageTest"/>
  <testcase name="loginTest" time="7.889" classname="com.ecommerce.qa.testcases.LoginPageTest"/>
</testsuite> <!-- com.ecommerce.qa.testcases.LoginPageTest -->
